<?xml version="1.0" encoding="UTF-8"?>
<!-- Generated by org.testng.reporters.JUnitXMLReporter -->
<testsuite ignored="0" hostname="Yeshwanth-Kuruvilla" failures="1" tests="2" name="LoginPageErrorValidation" time="8.417" errors="0" timestamp="2025-02-26T15:34:34 IST">
  <testcase classname="AutomationPractice.ErrorValidationsTest" name="loginIncorrectCredentialsTest" time="1.495">
    <skipped/>
  </testcase> <!-- loginIncorrectCredentialsTest -->
  <testcase classname="AutomationPractice.ErrorValidationsTest" name="loginIncorrectCredentialsTest" time="1.08">
    <failure type="java.lang.AssertionError" message="expected [Incorrect email or password.] but found [Incorrect1 email or password.]">
      <![CDATA[java.lang.AssertionError: expected [Incorrect email or password.] but found [Incorrect1 email or password.]
at AutomationPractice.ErrorValidationsTest.loginIncorrectCredentialsTest(ErrorValidationsTest.java:20)
at java.base/java.util.ArrayList.forEach(ArrayList.java:1511)
at java.base/java.util.concurrent.FutureTask.run(FutureTask.java:264)
at java.base/java.util.concurrent.ThreadPoolExecutor.runWorker(ThreadPoolExecutor.java:1136)
at java.base/java.util.concurrent.ThreadPoolExecutor$Worker.run(ThreadPoolExecutor.java:635)
at java.base/java.lang.Thread.run(Thread.java:840)
... Removed 24 stack frames]]>
    </failure>
  </testcase> <!-- loginIncorrectCredentialsTest -->
</testsuite> <!-- LoginPageErrorValidation -->
