<?xml version="1.0" encoding="UTF-8"?>
<!-- Generated by org.testng.reporters.JUnitXMLReporter -->
<testsuite ignored="0" hostname="Yeshwanth-Kuruvilla" failures="1" tests="3" name="PurchaseOrder" time="16.372" errors="0" timestamp="2025-02-26T15:34:42 IST">
  <testcase classname="AutomationPractice.EndToEndTestPOM" name="endToEndTest" time="4.247"/>
  <testcase classname="AutomationPractice.EndToEndTestPOM" name="ordersPageValidation" time="1.548">
    <skipped/>
  </testcase> <!-- ordersPageValidation -->
  <testcase classname="AutomationPractice.EndToEndTestPOM" name="ordersPageValidation" time="1.482">
    <failure type="java.lang.AssertionError" message="expected [true] but found [false]">
      <![CDATA[java.lang.AssertionError: expected [true] but found [false]
at AutomationPractice.EndToEndTestPOM.ordersPageValidation(EndToEndTestPOM.java:55)
at java.base/java.util.ArrayList.forEach(ArrayList.java:1511)
at java.base/java.util.concurrent.FutureTask.run(FutureTask.java:264)
at java.base/java.util.concurrent.ThreadPoolExecutor.runWorker(ThreadPoolExecutor.java:1136)
at java.base/java.util.concurrent.ThreadPoolExecutor$Worker.run(ThreadPoolExecutor.java:635)
at java.base/java.lang.Thread.run(Thread.java:840)
... Removed 22 stack frames]]>
    </failure>
  </testcase> <!-- ordersPageValidation -->
</testsuite> <!-- PurchaseOrder -->
