<?xml version="1.0" encoding="UTF-8"?>
<!-- Generated by org.testng.reporters.JUnitXMLReporter -->
<testsuite ignored="0" hostname="Yeshwanth-Kuruvilla" failures="1" tests="3" name="Test" time="12.641" errors="0" timestamp="2025-02-21T16:10:19 IST">
  <testcase classname="AutomationPractice.EndToEndTestPOM" name="endToEndTest" time="4.097"/>
  <testcase classname="AutomationPractice.EndToEndTestPOM" name="ordersPageValidation" time="1.417">
    <skipped/>
  </testcase> <!-- ordersPageValidation -->
  <testcase classname="AutomationPractice.EndToEndTestPOM" name="ordersPageValidation" time="1.43">
    <failure type="java.lang.AssertionError" message="expected [true] but found [false]">
      <![CDATA[java.lang.AssertionError: expected [true] but found [false]
at AutomationPractice.EndToEndTestPOM.ordersPageValidation(EndToEndTestPOM.java:55)
at java.base/java.util.ArrayList.forEach(ArrayList.java:1511)
... Removed 31 stack frames]]>
    </failure>
  </testcase> <!-- ordersPageValidation -->
</testsuite> <!-- Test -->
